<?xml version="1.0" encoding="UTF-8"?>
<!-- Generated by org.testng.reporters.JUnitXMLReporter -->
<testsuite hostname="SAO-1G47L83" ignored="0" name="Default test" tests="5" failures="0" timestamp="2022-01-03T23:57:35 BRT" time="315.224" errors="0">
  <testcase name="test1_getAllEmployee" time="69.641" classname="testes.TesteApiDummy"/>
  <testcase name="test2_postEmployee" time="61.507" classname="testes.TesteApiDummy"/>
  <testcase name="test3_getIDEmployee" time="61.49" classname="testes.TesteApiDummy"/>
  <testcase name="test4_putEmployee" time="61.278" classname="testes.TesteApiDummy"/>
  <testcase name="test5_deleteEmployee" time="61.239" classname="testes.TesteApiDummy"/>
</testsuite> <!-- Default test -->
