<?xml version="1.0" encoding="UTF-8"?>
<testng-results skipped="0" failed="0" ignored="0" total="5" passed="5">
  <reporter-output>
  </reporter-output>
  <suite name="Default suite" duration-ms="315224" started-at="2022-01-03T23:52:20 BRT" finished-at="2022-01-03T23:57:35 BRT">
    <groups>
    </groups>
    <test name="Default test" duration-ms="315224" started-at="2022-01-03T23:52:20 BRT" finished-at="2022-01-03T23:57:35 BRT">
      <class name="testes.TesteApiDummy">
        <test-method status="PASS" signature="test1_getAllEmployee()[pri:0, instance:testes.TesteApiDummy@51cdd8a]" name="test1_getAllEmployee" duration-ms="69641" started-at="2022-01-03T23:52:20 BRT" finished-at="2022-01-03T23:53:30 BRT">
          <reporter-output>
          </reporter-output>
        </test-method> <!-- test1_getAllEmployee -->
        <test-method status="PASS" signature="test2_postEmployee()[pri:0, instance:testes.TesteApiDummy@51cdd8a]" name="test2_postEmployee" duration-ms="61507" started-at="2022-01-03T23:53:30 BRT" finished-at="2022-01-03T23:54:31 BRT">
          <reporter-output>
          </reporter-output>
        </test-method> <!-- test2_postEmployee -->
        <test-method status="PASS" signature="test3_getIDEmployee()[pri:0, instance:testes.TesteApiDummy@51cdd8a]" name="test3_getIDEmployee" duration-ms="61490" started-at="2022-01-03T23:54:31 BRT" finished-at="2022-01-03T23:55:33 BRT">
          <reporter-output>
          </reporter-output>
        </test-method> <!-- test3_getIDEmployee -->
        <test-method status="PASS" signature="test4_putEmployee()[pri:0, instance:testes.TesteApiDummy@51cdd8a]" name="test4_putEmployee" duration-ms="61278" started-at="2022-01-03T23:55:33 BRT" finished-at="2022-01-03T23:56:34 BRT">
          <reporter-output>
          </reporter-output>
        </test-method> <!-- test4_putEmployee -->
        <test-method status="PASS" signature="test5_deleteEmployee()[pri:0, instance:testes.TesteApiDummy@51cdd8a]" name="test5_deleteEmployee" duration-ms="61239" started-at="2022-01-03T23:56:34 BRT" finished-at="2022-01-03T23:57:35 BRT">
          <reporter-output>
          </reporter-output>
        </test-method> <!-- test5_deleteEmployee -->
      </class> <!-- testes.TesteApiDummy -->
    </test> <!-- Default test -->
  </suite> <!-- Default suite -->
</testng-results>
